<?xml version="1.0" encoding="UTF-8" ?>
<testsuites>
<testsuite name="validate /articles" errors="0" tests="4" failures="0" time="0.85" timestamp="2018-11-11T19:20:13">
  <testcase classname="validate /articles" name="GET /articles/id where id is valid" time="0.114"></testcase>
  <testcase classname="validate /articles" name="GET /articles/id where id is a invalid" time="0.139"></testcase>
  <testcase classname="validate /articles" name="should return all requested articles by logged in user" time="0.151"></testcase>
  <testcase classname="validate /articles" name="POST /article (adding an article for logged in user returns list of articles with new article, validate list increased by one and contents of the new article)" time="0.444"></testcase>
</testsuite>
<testsuite name="validate /headline" errors="0" tests="2" failures="0" time="0.215" timestamp="2018-11-11T19:20:14">
  <testcase classname="validate /headline" name="GET /headlines return array with 1 element containing headline for logged in user" time="0.103"></testcase>
  <testcase classname="validate /headline" name="PUT /headline update logged in user headline" time="0.112"></testcase>
</testsuite>
<testsuite name="validate POST /login" errors="0" tests="1" failures="0" time="0.07" timestamp="2018-11-11T19:20:14">
  <testcase classname="validate POST /login" name="POST /login log in user" time="0.069"></testcase>
</testsuite>
<testsuite name="validate POST /register" errors="0" tests="1" failures="0" time="0.011" timestamp="2018-11-11T19:20:14">
  <testcase classname="validate POST /register" name="POST /register register new user" time="0.011"></testcase>
</testsuite>
<testsuite name="validate PUT /logout" errors="0" tests="1" failures="0" time="0.067" timestamp="2018-11-11T19:20:14">
  <testcase classname="validate PUT /logout" name="PUT /logout log out current logged in user" time="0.067"></testcase>
</testsuite>
</testsuites>